Determining if the CL_VERSION_2_2 exist failed with the following output:
Change Dir: /Users/jwalsh/Documents/42/particle_system/build/CMakeFiles/CMakeTmp

Run Build Command:"/usr/bin/make" "cmTC_646a6/fast"
/Applications/Xcode.app/Contents/Developer/usr/bin/make -f CMakeFiles/cmTC_646a6.dir/build.make CMakeFiles/cmTC_646a6.dir/build
Building C object CMakeFiles/cmTC_646a6.dir/CheckSymbolExists.c.o
/Applications/Xcode.app/Contents/Developer/Toolchains/XcodeDefault.xctoolchain/usr/bin/cc    -o CMakeFiles/cmTC_646a6.dir/CheckSymbolExists.c.o   -c /Users/jwalsh/Documents/42/particle_system/build/CMakeFiles/CMakeTmp/CheckSymbolExists.c
/Users/jwalsh/Documents/42/particle_system/build/CMakeFiles/CMakeTmp/CheckSymbolExists.c:8:19: error: use of undeclared identifier 'CL_VERSION_2_2'
  return ((int*)(&CL_VERSION_2_2))[argc];
                  ^
1 error generated.
make[1]: *** [CMakeFiles/cmTC_646a6.dir/CheckSymbolExists.c.o] Error 1
make: *** [cmTC_646a6/fast] Error 2

File /Users/jwalsh/Documents/42/particle_system/build/CMakeFiles/CMakeTmp/CheckSymbolExists.c:
/* */
#include </System/Library/Frameworks/OpenCL.framework/Headers/cl.h>

int main(int argc, char** argv)
{
  (void)argv;
#ifndef CL_VERSION_2_2
  return ((int*)(&CL_VERSION_2_2))[argc];
#else
  (void)argc;
  return 0;
#endif
}

Determining if the CL_VERSION_2_1 exist failed with the following output:
Change Dir: /Users/jwalsh/Documents/42/particle_system/build/CMakeFiles/CMakeTmp

Run Build Command:"/usr/bin/make" "cmTC_095bc/fast"
/Applications/Xcode.app/Contents/Developer/usr/bin/make -f CMakeFiles/cmTC_095bc.dir/build.make CMakeFiles/cmTC_095bc.dir/build
Building C object CMakeFiles/cmTC_095bc.dir/CheckSymbolExists.c.o
/Applications/Xcode.app/Contents/Developer/Toolchains/XcodeDefault.xctoolchain/usr/bin/cc    -o CMakeFiles/cmTC_095bc.dir/CheckSymbolExists.c.o   -c /Users/jwalsh/Documents/42/particle_system/build/CMakeFiles/CMakeTmp/CheckSymbolExists.c
/Users/jwalsh/Documents/42/particle_system/build/CMakeFiles/CMakeTmp/CheckSymbolExists.c:8:19: error: use of undeclared identifier 'CL_VERSION_2_1'
  return ((int*)(&CL_VERSION_2_1))[argc];
                  ^
1 error generated.
make[1]: *** [CMakeFiles/cmTC_095bc.dir/CheckSymbolExists.c.o] Error 1
make: *** [cmTC_095bc/fast] Error 2

File /Users/jwalsh/Documents/42/particle_system/build/CMakeFiles/CMakeTmp/CheckSymbolExists.c:
/* */
#include </System/Library/Frameworks/OpenCL.framework/Headers/cl.h>

int main(int argc, char** argv)
{
  (void)argv;
#ifndef CL_VERSION_2_1
  return ((int*)(&CL_VERSION_2_1))[argc];
#else
  (void)argc;
  return 0;
#endif
}

Determining if the CL_VERSION_2_0 exist failed with the following output:
Change Dir: /Users/jwalsh/Documents/42/particle_system/build/CMakeFiles/CMakeTmp

Run Build Command:"/usr/bin/make" "cmTC_d8844/fast"
/Applications/Xcode.app/Contents/Developer/usr/bin/make -f CMakeFiles/cmTC_d8844.dir/build.make CMakeFiles/cmTC_d8844.dir/build
Building C object CMakeFiles/cmTC_d8844.dir/CheckSymbolExists.c.o
/Applications/Xcode.app/Contents/Developer/Toolchains/XcodeDefault.xctoolchain/usr/bin/cc    -o CMakeFiles/cmTC_d8844.dir/CheckSymbolExists.c.o   -c /Users/jwalsh/Documents/42/particle_system/build/CMakeFiles/CMakeTmp/CheckSymbolExists.c
/Users/jwalsh/Documents/42/particle_system/build/CMakeFiles/CMakeTmp/CheckSymbolExists.c:8:19: error: use of undeclared identifier 'CL_VERSION_2_0'
  return ((int*)(&CL_VERSION_2_0))[argc];
                  ^
1 error generated.
make[1]: *** [CMakeFiles/cmTC_d8844.dir/CheckSymbolExists.c.o] Error 1
make: *** [cmTC_d8844/fast] Error 2

File /Users/jwalsh/Documents/42/particle_system/build/CMakeFiles/CMakeTmp/CheckSymbolExists.c:
/* */
#include </System/Library/Frameworks/OpenCL.framework/Headers/cl.h>

int main(int argc, char** argv)
{
  (void)argv;
#ifndef CL_VERSION_2_0
  return ((int*)(&CL_VERSION_2_0))[argc];
#else
  (void)argc;
  return 0;
#endif
}

