The system is: Darwin - 16.7.0 - x86_64
Compiling the C compiler identification source file "CMakeCCompilerId.c" succeeded.
Compiler: /Applications/Xcode.app/Contents/Developer/Toolchains/XcodeDefault.xctoolchain/usr/bin/cc 
Build flags: 
Id flags:  

The output was:
0


Compilation of the C compiler identification source "CMakeCCompilerId.c" produced "a.out"

The C compiler identification is AppleClang, found in "/Users/jwalsh/Documents/42/particle_system/build/CMakeFiles/3.11.0/CompilerIdC/a.out"

Compiling the CXX compiler identification source file "CMakeCXXCompilerId.cpp" succeeded.
Compiler: /Applications/Xcode.app/Contents/Developer/Toolchains/XcodeDefault.xctoolchain/usr/bin/c++ 
Build flags: 
Id flags:  

The output was:
0


Compilation of the CXX compiler identification source "CMakeCXXCompilerId.cpp" produced "a.out"

The CXX compiler identification is AppleClang, found in "/Users/jwalsh/Documents/42/particle_system/build/CMakeFiles/3.11.0/CompilerIdCXX/a.out"

Determining if the C compiler works passed with the following output:
Change Dir: /Users/jwalsh/Documents/42/particle_system/build/CMakeFiles/CMakeTmp

Run Build Command:"/usr/bin/make" "cmTC_65913/fast"
/Applications/Xcode.app/Contents/Developer/usr/bin/make -f CMakeFiles/cmTC_65913.dir/build.make CMakeFiles/cmTC_65913.dir/build
Building C object CMakeFiles/cmTC_65913.dir/testCCompiler.c.o
/Applications/Xcode.app/Contents/Developer/Toolchains/XcodeDefault.xctoolchain/usr/bin/cc    -o CMakeFiles/cmTC_65913.dir/testCCompiler.c.o   -c /Users/jwalsh/Documents/42/particle_system/build/CMakeFiles/CMakeTmp/testCCompiler.c
Linking C executable cmTC_65913
/Users/jwalsh/.brew/Cellar/cmake/3.11.0/bin/cmake -E cmake_link_script CMakeFiles/cmTC_65913.dir/link.txt --verbose=1
/Applications/Xcode.app/Contents/Developer/Toolchains/XcodeDefault.xctoolchain/usr/bin/cc   -Wl,-search_paths_first -Wl,-headerpad_max_install_names   CMakeFiles/cmTC_65913.dir/testCCompiler.c.o  -o cmTC_65913 


Detecting C compiler ABI info compiled with the following output:
Change Dir: /Users/jwalsh/Documents/42/particle_system/build/CMakeFiles/CMakeTmp

Run Build Command:"/usr/bin/make" "cmTC_ddc74/fast"
/Applications/Xcode.app/Contents/Developer/usr/bin/make -f CMakeFiles/cmTC_ddc74.dir/build.make CMakeFiles/cmTC_ddc74.dir/build
Building C object CMakeFiles/cmTC_ddc74.dir/CMakeCCompilerABI.c.o
/Applications/Xcode.app/Contents/Developer/Toolchains/XcodeDefault.xctoolchain/usr/bin/cc    -o CMakeFiles/cmTC_ddc74.dir/CMakeCCompilerABI.c.o   -c /Users/jwalsh/.brew/Cellar/cmake/3.11.0/share/cmake/Modules/CMakeCCompilerABI.c
Linking C executable cmTC_ddc74
/Users/jwalsh/.brew/Cellar/cmake/3.11.0/bin/cmake -E cmake_link_script CMakeFiles/cmTC_ddc74.dir/link.txt --verbose=1
/Applications/Xcode.app/Contents/Developer/Toolchains/XcodeDefault.xctoolchain/usr/bin/cc   -Wl,-search_paths_first -Wl,-headerpad_max_install_names  -v -Wl,-v CMakeFiles/cmTC_ddc74.dir/CMakeCCompilerABI.c.o  -o cmTC_ddc74 
Apple LLVM version 9.0.0 (clang-900.0.39.2)
Target: x86_64-apple-darwin16.7.0
Thread model: posix
InstalledDir: /Applications/Xcode.app/Contents/Developer/Toolchains/XcodeDefault.xctoolchain/usr/bin
 "/Applications/Xcode.app/Contents/Developer/Toolchains/XcodeDefault.xctoolchain/usr/bin/ld" -demangle -lto_library /Applications/Xcode.app/Contents/Developer/Toolchains/XcodeDefault.xctoolchain/usr/lib/libLTO.dylib -dynamic -arch x86_64 -macosx_version_min 10.12.0 -o cmTC_ddc74 -search_paths_first -headerpad_max_install_names -v CMakeFiles/cmTC_ddc74.dir/CMakeCCompilerABI.c.o -lSystem /Applications/Xcode.app/Contents/Developer/Toolchains/XcodeDefault.xctoolchain/usr/lib/clang/9.0.0/lib/darwin/libclang_rt.osx.a
@(#)PROGRAM:ld  PROJECT:ld64-305
configured to support archs: armv6 armv7 armv7s arm64 i386 x86_64 x86_64h armv6m armv7k armv7m armv7em (tvOS)
Library search paths:
	/usr/lib
	/usr/local/lib
Framework search paths:
	/Library/Frameworks/
	/System/Library/Frameworks/


Parsed C implicit link information from above output:
  link line regex: [^( *|.*[/\])(ld|CMAKE_LINK_STARTFILE-NOTFOUND|([^/\]+-)?ld|collect2)[^/\]*( |$)]
  ignore line: [Change Dir: /Users/jwalsh/Documents/42/particle_system/build/CMakeFiles/CMakeTmp]
  ignore line: []
  ignore line: [Run Build Command:"/usr/bin/make" "cmTC_ddc74/fast"]
  ignore line: [/Applications/Xcode.app/Contents/Developer/usr/bin/make -f CMakeFiles/cmTC_ddc74.dir/build.make CMakeFiles/cmTC_ddc74.dir/build]
  ignore line: [Building C object CMakeFiles/cmTC_ddc74.dir/CMakeCCompilerABI.c.o]
  ignore line: [/Applications/Xcode.app/Contents/Developer/Toolchains/XcodeDefault.xctoolchain/usr/bin/cc    -o CMakeFiles/cmTC_ddc74.dir/CMakeCCompilerABI.c.o   -c /Users/jwalsh/.brew/Cellar/cmake/3.11.0/share/cmake/Modules/CMakeCCompilerABI.c]
  ignore line: [Linking C executable cmTC_ddc74]
  ignore line: [/Users/jwalsh/.brew/Cellar/cmake/3.11.0/bin/cmake -E cmake_link_script CMakeFiles/cmTC_ddc74.dir/link.txt --verbose=1]
  ignore line: [/Applications/Xcode.app/Contents/Developer/Toolchains/XcodeDefault.xctoolchain/usr/bin/cc   -Wl,-search_paths_first -Wl,-headerpad_max_install_names  -v -Wl,-v CMakeFiles/cmTC_ddc74.dir/CMakeCCompilerABI.c.o  -o cmTC_ddc74 ]
  ignore line: [Apple LLVM version 9.0.0 (clang-900.0.39.2)]
  ignore line: [Target: x86_64-apple-darwin16.7.0]
  ignore line: [Thread model: posix]
  ignore line: [InstalledDir: /Applications/Xcode.app/Contents/Developer/Toolchains/XcodeDefault.xctoolchain/usr/bin]
  link line: [ "/Applications/Xcode.app/Contents/Developer/Toolchains/XcodeDefault.xctoolchain/usr/bin/ld" -demangle -lto_library /Applications/Xcode.app/Contents/Developer/Toolchains/XcodeDefault.xctoolchain/usr/lib/libLTO.dylib -dynamic -arch x86_64 -macosx_version_min 10.12.0 -o cmTC_ddc74 -search_paths_first -headerpad_max_install_names -v CMakeFiles/cmTC_ddc74.dir/CMakeCCompilerABI.c.o -lSystem /Applications/Xcode.app/Contents/Developer/Toolchains/XcodeDefault.xctoolchain/usr/lib/clang/9.0.0/lib/darwin/libclang_rt.osx.a]
    arg [/Applications/Xcode.app/Contents/Developer/Toolchains/XcodeDefault.xctoolchain/usr/bin/ld] ==> ignore
    arg [-demangle] ==> ignore
    arg [-lto_library] ==> ignore, skip following value
    arg [/Applications/Xcode.app/Contents/Developer/Toolchains/XcodeDefault.xctoolchain/usr/lib/libLTO.dylib] ==> skip value of -lto_library
    arg [-dynamic] ==> ignore
    arg [-arch] ==> ignore
    arg [x86_64] ==> ignore
    arg [-macosx_version_min] ==> ignore
    arg [10.12.0] ==> ignore
    arg [-o] ==> ignore
    arg [cmTC_ddc74] ==> ignore
    arg [-search_paths_first] ==> ignore
    arg [-headerpad_max_install_names] ==> ignore
    arg [-v] ==> ignore
    arg [CMakeFiles/cmTC_ddc74.dir/CMakeCCompilerABI.c.o] ==> ignore
    arg [-lSystem] ==> lib [System]
    arg [/Applications/Xcode.app/Contents/Developer/Toolchains/XcodeDefault.xctoolchain/usr/lib/clang/9.0.0/lib/darwin/libclang_rt.osx.a] ==> lib [/Applications/Xcode.app/Contents/Developer/Toolchains/XcodeDefault.xctoolchain/usr/lib/clang/9.0.0/lib/darwin/libclang_rt.osx.a]
  Library search paths: [;/usr/lib;/usr/local/lib]
  Framework search paths: [;/Library/Frameworks/;/System/Library/Frameworks/]
  remove lib [System]
  remove lib [/Applications/Xcode.app/Contents/Developer/Toolchains/XcodeDefault.xctoolchain/usr/lib/clang/9.0.0/lib/darwin/libclang_rt.osx.a]
  collapse library dir [/usr/lib] ==> [/usr/lib]
  collapse library dir [/usr/local/lib] ==> [/usr/local/lib]
  collapse framework dir [/Library/Frameworks/] ==> [/Library/Frameworks]
  collapse framework dir [/System/Library/Frameworks/] ==> [/System/Library/Frameworks]
  implicit libs: []
  implicit dirs: [/usr/lib;/usr/local/lib]
  implicit fwks: [/Library/Frameworks;/System/Library/Frameworks]




Detecting C [-std=c11] compiler features compiled with the following output:
Change Dir: /Users/jwalsh/Documents/42/particle_system/build/CMakeFiles/CMakeTmp

Run Build Command:"/usr/bin/make" "cmTC_0450e/fast"
/Applications/Xcode.app/Contents/Developer/usr/bin/make -f CMakeFiles/cmTC_0450e.dir/build.make CMakeFiles/cmTC_0450e.dir/build
Building C object CMakeFiles/cmTC_0450e.dir/feature_tests.c.o
/Applications/Xcode.app/Contents/Developer/Toolchains/XcodeDefault.xctoolchain/usr/bin/cc   -std=c11 -o CMakeFiles/cmTC_0450e.dir/feature_tests.c.o   -c /Users/jwalsh/Documents/42/particle_system/build/CMakeFiles/feature_tests.c
Linking C executable cmTC_0450e
/Users/jwalsh/.brew/Cellar/cmake/3.11.0/bin/cmake -E cmake_link_script CMakeFiles/cmTC_0450e.dir/link.txt --verbose=1
/Applications/Xcode.app/Contents/Developer/Toolchains/XcodeDefault.xctoolchain/usr/bin/cc   -Wl,-search_paths_first -Wl,-headerpad_max_install_names   CMakeFiles/cmTC_0450e.dir/feature_tests.c.o  -o cmTC_0450e 


    Feature record: C_FEATURE:1c_function_prototypes
    Feature record: C_FEATURE:1c_restrict
    Feature record: C_FEATURE:1c_static_assert
    Feature record: C_FEATURE:1c_variadic_macros


Detecting C [-std=c99] compiler features compiled with the following output:
Change Dir: /Users/jwalsh/Documents/42/particle_system/build/CMakeFiles/CMakeTmp

Run Build Command:"/usr/bin/make" "cmTC_edc1c/fast"
/Applications/Xcode.app/Contents/Developer/usr/bin/make -f CMakeFiles/cmTC_edc1c.dir/build.make CMakeFiles/cmTC_edc1c.dir/build
Building C object CMakeFiles/cmTC_edc1c.dir/feature_tests.c.o
/Applications/Xcode.app/Contents/Developer/Toolchains/XcodeDefault.xctoolchain/usr/bin/cc   -std=c99 -o CMakeFiles/cmTC_edc1c.dir/feature_tests.c.o   -c /Users/jwalsh/Documents/42/particle_system/build/CMakeFiles/feature_tests.c
Linking C executable cmTC_edc1c
/Users/jwalsh/.brew/Cellar/cmake/3.11.0/bin/cmake -E cmake_link_script CMakeFiles/cmTC_edc1c.dir/link.txt --verbose=1
/Applications/Xcode.app/Contents/Developer/Toolchains/XcodeDefault.xctoolchain/usr/bin/cc   -Wl,-search_paths_first -Wl,-headerpad_max_install_names   CMakeFiles/cmTC_edc1c.dir/feature_tests.c.o  -o cmTC_edc1c 


    Feature record: C_FEATURE:1c_function_prototypes
    Feature record: C_FEATURE:1c_restrict
    Feature record: C_FEATURE:0c_static_assert
    Feature record: C_FEATURE:1c_variadic_macros


Detecting C [-std=c90] compiler features compiled with the following output:
Change Dir: /Users/jwalsh/Documents/42/particle_system/build/CMakeFiles/CMakeTmp

Run Build Command:"/usr/bin/make" "cmTC_103f3/fast"
/Applications/Xcode.app/Contents/Developer/usr/bin/make -f CMakeFiles/cmTC_103f3.dir/build.make CMakeFiles/cmTC_103f3.dir/build
Building C object CMakeFiles/cmTC_103f3.dir/feature_tests.c.o
/Applications/Xcode.app/Contents/Developer/Toolchains/XcodeDefault.xctoolchain/usr/bin/cc   -std=c90 -o CMakeFiles/cmTC_103f3.dir/feature_tests.c.o   -c /Users/jwalsh/Documents/42/particle_system/build/CMakeFiles/feature_tests.c
Linking C executable cmTC_103f3
/Users/jwalsh/.brew/Cellar/cmake/3.11.0/bin/cmake -E cmake_link_script CMakeFiles/cmTC_103f3.dir/link.txt --verbose=1
/Applications/Xcode.app/Contents/Developer/Toolchains/XcodeDefault.xctoolchain/usr/bin/cc   -Wl,-search_paths_first -Wl,-headerpad_max_install_names   CMakeFiles/cmTC_103f3.dir/feature_tests.c.o  -o cmTC_103f3 


    Feature record: C_FEATURE:1c_function_prototypes
    Feature record: C_FEATURE:0c_restrict
    Feature record: C_FEATURE:0c_static_assert
    Feature record: C_FEATURE:0c_variadic_macros
Determining if the CXX compiler works passed with the following output:
Change Dir: /Users/jwalsh/Documents/42/particle_system/build/CMakeFiles/CMakeTmp

Run Build Command:"/usr/bin/make" "cmTC_c5209/fast"
/Applications/Xcode.app/Contents/Developer/usr/bin/make -f CMakeFiles/cmTC_c5209.dir/build.make CMakeFiles/cmTC_c5209.dir/build
Building CXX object CMakeFiles/cmTC_c5209.dir/testCXXCompiler.cxx.o
/Applications/Xcode.app/Contents/Developer/Toolchains/XcodeDefault.xctoolchain/usr/bin/c++     -o CMakeFiles/cmTC_c5209.dir/testCXXCompiler.cxx.o -c /Users/jwalsh/Documents/42/particle_system/build/CMakeFiles/CMakeTmp/testCXXCompiler.cxx
Linking CXX executable cmTC_c5209
/Users/jwalsh/.brew/Cellar/cmake/3.11.0/bin/cmake -E cmake_link_script CMakeFiles/cmTC_c5209.dir/link.txt --verbose=1
/Applications/Xcode.app/Contents/Developer/Toolchains/XcodeDefault.xctoolchain/usr/bin/c++    -Wl,-search_paths_first -Wl,-headerpad_max_install_names   CMakeFiles/cmTC_c5209.dir/testCXXCompiler.cxx.o  -o cmTC_c5209 


Detecting CXX compiler ABI info compiled with the following output:
Change Dir: /Users/jwalsh/Documents/42/particle_system/build/CMakeFiles/CMakeTmp

Run Build Command:"/usr/bin/make" "cmTC_ac673/fast"
/Applications/Xcode.app/Contents/Developer/usr/bin/make -f CMakeFiles/cmTC_ac673.dir/build.make CMakeFiles/cmTC_ac673.dir/build
Building CXX object CMakeFiles/cmTC_ac673.dir/CMakeCXXCompilerABI.cpp.o
/Applications/Xcode.app/Contents/Developer/Toolchains/XcodeDefault.xctoolchain/usr/bin/c++     -o CMakeFiles/cmTC_ac673.dir/CMakeCXXCompilerABI.cpp.o -c /Users/jwalsh/.brew/Cellar/cmake/3.11.0/share/cmake/Modules/CMakeCXXCompilerABI.cpp
Linking CXX executable cmTC_ac673
/Users/jwalsh/.brew/Cellar/cmake/3.11.0/bin/cmake -E cmake_link_script CMakeFiles/cmTC_ac673.dir/link.txt --verbose=1
/Applications/Xcode.app/Contents/Developer/Toolchains/XcodeDefault.xctoolchain/usr/bin/c++    -Wl,-search_paths_first -Wl,-headerpad_max_install_names  -v -Wl,-v CMakeFiles/cmTC_ac673.dir/CMakeCXXCompilerABI.cpp.o  -o cmTC_ac673 
Apple LLVM version 9.0.0 (clang-900.0.39.2)
Target: x86_64-apple-darwin16.7.0
Thread model: posix
InstalledDir: /Applications/Xcode.app/Contents/Developer/Toolchains/XcodeDefault.xctoolchain/usr/bin
 "/Applications/Xcode.app/Contents/Developer/Toolchains/XcodeDefault.xctoolchain/usr/bin/ld" -demangle -lto_library /Applications/Xcode.app/Contents/Developer/Toolchains/XcodeDefault.xctoolchain/usr/lib/libLTO.dylib -dynamic -arch x86_64 -macosx_version_min 10.12.0 -o cmTC_ac673 -search_paths_first -headerpad_max_install_names -v CMakeFiles/cmTC_ac673.dir/CMakeCXXCompilerABI.cpp.o -lc++ -lSystem /Applications/Xcode.app/Contents/Developer/Toolchains/XcodeDefault.xctoolchain/usr/lib/clang/9.0.0/lib/darwin/libclang_rt.osx.a
@(#)PROGRAM:ld  PROJECT:ld64-305
configured to support archs: armv6 armv7 armv7s arm64 i386 x86_64 x86_64h armv6m armv7k armv7m armv7em (tvOS)
Library search paths:
	/usr/lib
	/usr/local/lib
Framework search paths:
	/Library/Frameworks/
	/System/Library/Frameworks/


Parsed CXX implicit link information from above output:
  link line regex: [^( *|.*[/\])(ld|CMAKE_LINK_STARTFILE-NOTFOUND|([^/\]+-)?ld|collect2)[^/\]*( |$)]
  ignore line: [Change Dir: /Users/jwalsh/Documents/42/particle_system/build/CMakeFiles/CMakeTmp]
  ignore line: []
  ignore line: [Run Build Command:"/usr/bin/make" "cmTC_ac673/fast"]
  ignore line: [/Applications/Xcode.app/Contents/Developer/usr/bin/make -f CMakeFiles/cmTC_ac673.dir/build.make CMakeFiles/cmTC_ac673.dir/build]
  ignore line: [Building CXX object CMakeFiles/cmTC_ac673.dir/CMakeCXXCompilerABI.cpp.o]
  ignore line: [/Applications/Xcode.app/Contents/Developer/Toolchains/XcodeDefault.xctoolchain/usr/bin/c++     -o CMakeFiles/cmTC_ac673.dir/CMakeCXXCompilerABI.cpp.o -c /Users/jwalsh/.brew/Cellar/cmake/3.11.0/share/cmake/Modules/CMakeCXXCompilerABI.cpp]
  ignore line: [Linking CXX executable cmTC_ac673]
  ignore line: [/Users/jwalsh/.brew/Cellar/cmake/3.11.0/bin/cmake -E cmake_link_script CMakeFiles/cmTC_ac673.dir/link.txt --verbose=1]
  ignore line: [/Applications/Xcode.app/Contents/Developer/Toolchains/XcodeDefault.xctoolchain/usr/bin/c++    -Wl,-search_paths_first -Wl,-headerpad_max_install_names  -v -Wl,-v CMakeFiles/cmTC_ac673.dir/CMakeCXXCompilerABI.cpp.o  -o cmTC_ac673 ]
  ignore line: [Apple LLVM version 9.0.0 (clang-900.0.39.2)]
  ignore line: [Target: x86_64-apple-darwin16.7.0]
  ignore line: [Thread model: posix]
  ignore line: [InstalledDir: /Applications/Xcode.app/Contents/Developer/Toolchains/XcodeDefault.xctoolchain/usr/bin]
  link line: [ "/Applications/Xcode.app/Contents/Developer/Toolchains/XcodeDefault.xctoolchain/usr/bin/ld" -demangle -lto_library /Applications/Xcode.app/Contents/Developer/Toolchains/XcodeDefault.xctoolchain/usr/lib/libLTO.dylib -dynamic -arch x86_64 -macosx_version_min 10.12.0 -o cmTC_ac673 -search_paths_first -headerpad_max_install_names -v CMakeFiles/cmTC_ac673.dir/CMakeCXXCompilerABI.cpp.o -lc++ -lSystem /Applications/Xcode.app/Contents/Developer/Toolchains/XcodeDefault.xctoolchain/usr/lib/clang/9.0.0/lib/darwin/libclang_rt.osx.a]
    arg [/Applications/Xcode.app/Contents/Developer/Toolchains/XcodeDefault.xctoolchain/usr/bin/ld] ==> ignore
    arg [-demangle] ==> ignore
    arg [-lto_library] ==> ignore, skip following value
    arg [/Applications/Xcode.app/Contents/Developer/Toolchains/XcodeDefault.xctoolchain/usr/lib/libLTO.dylib] ==> skip value of -lto_library
    arg [-dynamic] ==> ignore
    arg [-arch] ==> ignore
    arg [x86_64] ==> ignore
    arg [-macosx_version_min] ==> ignore
    arg [10.12.0] ==> ignore
    arg [-o] ==> ignore
    arg [cmTC_ac673] ==> ignore
    arg [-search_paths_first] ==> ignore
    arg [-headerpad_max_install_names] ==> ignore
    arg [-v] ==> ignore
    arg [CMakeFiles/cmTC_ac673.dir/CMakeCXXCompilerABI.cpp.o] ==> ignore
    arg [-lc++] ==> lib [c++]
    arg [-lSystem] ==> lib [System]
    arg [/Applications/Xcode.app/Contents/Developer/Toolchains/XcodeDefault.xctoolchain/usr/lib/clang/9.0.0/lib/darwin/libclang_rt.osx.a] ==> lib [/Applications/Xcode.app/Contents/Developer/Toolchains/XcodeDefault.xctoolchain/usr/lib/clang/9.0.0/lib/darwin/libclang_rt.osx.a]
  Library search paths: [;/usr/lib;/usr/local/lib]
  Framework search paths: [;/Library/Frameworks/;/System/Library/Frameworks/]
  remove lib [System]
  remove lib [/Applications/Xcode.app/Contents/Developer/Toolchains/XcodeDefault.xctoolchain/usr/lib/clang/9.0.0/lib/darwin/libclang_rt.osx.a]
  collapse library dir [/usr/lib] ==> [/usr/lib]
  collapse library dir [/usr/local/lib] ==> [/usr/local/lib]
  collapse framework dir [/Library/Frameworks/] ==> [/Library/Frameworks]
  collapse framework dir [/System/Library/Frameworks/] ==> [/System/Library/Frameworks]
  implicit libs: [c++]
  implicit dirs: [/usr/lib;/usr/local/lib]
  implicit fwks: [/Library/Frameworks;/System/Library/Frameworks]




Detecting CXX [-std=c++1z] compiler features compiled with the following output:
Change Dir: /Users/jwalsh/Documents/42/particle_system/build/CMakeFiles/CMakeTmp

Run Build Command:"/usr/bin/make" "cmTC_26ccb/fast"
/Applications/Xcode.app/Contents/Developer/usr/bin/make -f CMakeFiles/cmTC_26ccb.dir/build.make CMakeFiles/cmTC_26ccb.dir/build
Building CXX object CMakeFiles/cmTC_26ccb.dir/feature_tests.cxx.o
/Applications/Xcode.app/Contents/Developer/Toolchains/XcodeDefault.xctoolchain/usr/bin/c++    -std=c++1z -o CMakeFiles/cmTC_26ccb.dir/feature_tests.cxx.o -c /Users/jwalsh/Documents/42/particle_system/build/CMakeFiles/feature_tests.cxx
Linking CXX executable cmTC_26ccb
/Users/jwalsh/.brew/Cellar/cmake/3.11.0/bin/cmake -E cmake_link_script CMakeFiles/cmTC_26ccb.dir/link.txt --verbose=1
/Applications/Xcode.app/Contents/Developer/Toolchains/XcodeDefault.xctoolchain/usr/bin/c++    -Wl,-search_paths_first -Wl,-headerpad_max_install_names   CMakeFiles/cmTC_26ccb.dir/feature_tests.cxx.o  -o cmTC_26ccb 


    Feature record: CXX_FEATURE:1cxx_aggregate_default_initializers
    Feature record: CXX_FEATURE:1cxx_alias_templates
    Feature record: CXX_FEATURE:1cxx_alignas
    Feature record: CXX_FEATURE:1cxx_alignof
    Feature record: CXX_FEATURE:1cxx_attributes
    Feature record: CXX_FEATURE:1cxx_attribute_deprecated
    Feature record: CXX_FEATURE:1cxx_auto_type
    Feature record: CXX_FEATURE:1cxx_binary_literals
    Feature record: CXX_FEATURE:1cxx_constexpr
    Feature record: CXX_FEATURE:1cxx_contextual_conversions
    Feature record: CXX_FEATURE:1cxx_decltype
    Feature record: CXX_FEATURE:1cxx_decltype_auto
    Feature record: CXX_FEATURE:1cxx_decltype_incomplete_return_types
    Feature record: CXX_FEATURE:1cxx_default_function_template_args
    Feature record: CXX_FEATURE:1cxx_defaulted_functions
    Feature record: CXX_FEATURE:1cxx_defaulted_move_initializers
    Feature record: CXX_FEATURE:1cxx_delegating_constructors
    Feature record: CXX_FEATURE:1cxx_deleted_functions
    Feature record: CXX_FEATURE:1cxx_digit_separators
    Feature record: CXX_FEATURE:1cxx_enum_forward_declarations
    Feature record: CXX_FEATURE:1cxx_explicit_conversions
    Feature record: CXX_FEATURE:1cxx_extended_friend_declarations
    Feature record: CXX_FEATURE:1cxx_extern_templates
    Feature record: CXX_FEATURE:1cxx_final
    Feature record: CXX_FEATURE:1cxx_func_identifier
    Feature record: CXX_FEATURE:1cxx_generalized_initializers
    Feature record: CXX_FEATURE:1cxx_generic_lambdas
    Feature record: CXX_FEATURE:1cxx_inheriting_constructors
    Feature record: CXX_FEATURE:1cxx_inline_namespaces
    Feature record: CXX_FEATURE:1cxx_lambdas
    Feature record: CXX_FEATURE:1cxx_lambda_init_captures
    Feature record: CXX_FEATURE:1cxx_local_type_template_args
    Feature record: CXX_FEATURE:1cxx_long_long_type
    Feature record: CXX_FEATURE:1cxx_noexcept
    Feature record: CXX_FEATURE:1cxx_nonstatic_member_init
    Feature record: CXX_FEATURE:1cxx_nullptr
    Feature record: CXX_FEATURE:1cxx_override
    Feature record: CXX_FEATURE:1cxx_range_for
    Feature record: CXX_FEATURE:1cxx_raw_string_literals
    Feature record: CXX_FEATURE:1cxx_reference_qualified_functions
    Feature record: CXX_FEATURE:1cxx_relaxed_constexpr
    Feature record: CXX_FEATURE:1cxx_return_type_deduction
    Feature record: CXX_FEATURE:1cxx_right_angle_brackets
    Feature record: CXX_FEATURE:1cxx_rvalue_references
    Feature record: CXX_FEATURE:1cxx_sizeof_member
    Feature record: CXX_FEATURE:1cxx_static_assert
    Feature record: CXX_FEATURE:1cxx_strong_enums
    Feature record: CXX_FEATURE:1cxx_template_template_parameters
    Feature record: CXX_FEATURE:1cxx_thread_local
    Feature record: CXX_FEATURE:1cxx_trailing_return_types
    Feature record: CXX_FEATURE:1cxx_unicode_literals
    Feature record: CXX_FEATURE:1cxx_uniform_initialization
    Feature record: CXX_FEATURE:1cxx_unrestricted_unions
    Feature record: CXX_FEATURE:1cxx_user_literals
    Feature record: CXX_FEATURE:1cxx_variable_templates
    Feature record: CXX_FEATURE:1cxx_variadic_macros
    Feature record: CXX_FEATURE:1cxx_variadic_templates


Detecting CXX [-std=c++14] compiler features compiled with the following output:
Change Dir: /Users/jwalsh/Documents/42/particle_system/build/CMakeFiles/CMakeTmp

Run Build Command:"/usr/bin/make" "cmTC_5dbe9/fast"
/Applications/Xcode.app/Contents/Developer/usr/bin/make -f CMakeFiles/cmTC_5dbe9.dir/build.make CMakeFiles/cmTC_5dbe9.dir/build
Building CXX object CMakeFiles/cmTC_5dbe9.dir/feature_tests.cxx.o
/Applications/Xcode.app/Contents/Developer/Toolchains/XcodeDefault.xctoolchain/usr/bin/c++    -std=c++14 -o CMakeFiles/cmTC_5dbe9.dir/feature_tests.cxx.o -c /Users/jwalsh/Documents/42/particle_system/build/CMakeFiles/feature_tests.cxx
Linking CXX executable cmTC_5dbe9
/Users/jwalsh/.brew/Cellar/cmake/3.11.0/bin/cmake -E cmake_link_script CMakeFiles/cmTC_5dbe9.dir/link.txt --verbose=1
/Applications/Xcode.app/Contents/Developer/Toolchains/XcodeDefault.xctoolchain/usr/bin/c++    -Wl,-search_paths_first -Wl,-headerpad_max_install_names   CMakeFiles/cmTC_5dbe9.dir/feature_tests.cxx.o  -o cmTC_5dbe9 


    Feature record: CXX_FEATURE:1cxx_aggregate_default_initializers
    Feature record: CXX_FEATURE:1cxx_alias_templates
    Feature record: CXX_FEATURE:1cxx_alignas
    Feature record: CXX_FEATURE:1cxx_alignof
    Feature record: CXX_FEATURE:1cxx_attributes
    Feature record: CXX_FEATURE:1cxx_attribute_deprecated
    Feature record: CXX_FEATURE:1cxx_auto_type
    Feature record: CXX_FEATURE:1cxx_binary_literals
    Feature record: CXX_FEATURE:1cxx_constexpr
    Feature record: CXX_FEATURE:1cxx_contextual_conversions
    Feature record: CXX_FEATURE:1cxx_decltype
    Feature record: CXX_FEATURE:1cxx_decltype_auto
    Feature record: CXX_FEATURE:1cxx_decltype_incomplete_return_types
    Feature record: CXX_FEATURE:1cxx_default_function_template_args
    Feature record: CXX_FEATURE:1cxx_defaulted_functions
    Feature record: CXX_FEATURE:1cxx_defaulted_move_initializers
    Feature record: CXX_FEATURE:1cxx_delegating_constructors
    Feature record: CXX_FEATURE:1cxx_deleted_functions
    Feature record: CXX_FEATURE:1cxx_digit_separators
    Feature record: CXX_FEATURE:1cxx_enum_forward_declarations
    Feature record: CXX_FEATURE:1cxx_explicit_conversions
    Feature record: CXX_FEATURE:1cxx_extended_friend_declarations
    Feature record: CXX_FEATURE:1cxx_extern_templates
    Feature record: CXX_FEATURE:1cxx_final
    Feature record: CXX_FEATURE:1cxx_func_identifier
    Feature record: CXX_FEATURE:1cxx_generalized_initializers
    Feature record: CXX_FEATURE:1cxx_generic_lambdas
    Feature record: CXX_FEATURE:1cxx_inheriting_constructors
    Feature record: CXX_FEATURE:1cxx_inline_namespaces
    Feature record: CXX_FEATURE:1cxx_lambdas
    Feature record: CXX_FEATURE:1cxx_lambda_init_captures
    Feature record: CXX_FEATURE:1cxx_local_type_template_args
    Feature record: CXX_FEATURE:1cxx_long_long_type
    Feature record: CXX_FEATURE:1cxx_noexcept
    Feature record: CXX_FEATURE:1cxx_nonstatic_member_init
    Feature record: CXX_FEATURE:1cxx_nullptr
    Feature record: CXX_FEATURE:1cxx_override
    Feature record: CXX_FEATURE:1cxx_range_for
    Feature record: CXX_FEATURE:1cxx_raw_string_literals
    Feature record: CXX_FEATURE:1cxx_reference_qualified_functions
    Feature record: CXX_FEATURE:1cxx_relaxed_constexpr
    Feature record: CXX_FEATURE:1cxx_return_type_deduction
    Feature record: CXX_FEATURE:1cxx_right_angle_brackets
    Feature record: CXX_FEATURE:1cxx_rvalue_references
    Feature record: CXX_FEATURE:1cxx_sizeof_member
    Feature record: CXX_FEATURE:1cxx_static_assert
    Feature record: CXX_FEATURE:1cxx_strong_enums
    Feature record: CXX_FEATURE:1cxx_template_template_parameters
    Feature record: CXX_FEATURE:1cxx_thread_local
    Feature record: CXX_FEATURE:1cxx_trailing_return_types
    Feature record: CXX_FEATURE:1cxx_unicode_literals
    Feature record: CXX_FEATURE:1cxx_uniform_initialization
    Feature record: CXX_FEATURE:1cxx_unrestricted_unions
    Feature record: CXX_FEATURE:1cxx_user_literals
    Feature record: CXX_FEATURE:1cxx_variable_templates
    Feature record: CXX_FEATURE:1cxx_variadic_macros
    Feature record: CXX_FEATURE:1cxx_variadic_templates


Detecting CXX [-std=c++11] compiler features compiled with the following output:
Change Dir: /Users/jwalsh/Documents/42/particle_system/build/CMakeFiles/CMakeTmp

Run Build Command:"/usr/bin/make" "cmTC_2462f/fast"
/Applications/Xcode.app/Contents/Developer/usr/bin/make -f CMakeFiles/cmTC_2462f.dir/build.make CMakeFiles/cmTC_2462f.dir/build
Building CXX object CMakeFiles/cmTC_2462f.dir/feature_tests.cxx.o
/Applications/Xcode.app/Contents/Developer/Toolchains/XcodeDefault.xctoolchain/usr/bin/c++    -std=c++11 -o CMakeFiles/cmTC_2462f.dir/feature_tests.cxx.o -c /Users/jwalsh/Documents/42/particle_system/build/CMakeFiles/feature_tests.cxx
Linking CXX executable cmTC_2462f
/Users/jwalsh/.brew/Cellar/cmake/3.11.0/bin/cmake -E cmake_link_script CMakeFiles/cmTC_2462f.dir/link.txt --verbose=1
/Applications/Xcode.app/Contents/Developer/Toolchains/XcodeDefault.xctoolchain/usr/bin/c++    -Wl,-search_paths_first -Wl,-headerpad_max_install_names   CMakeFiles/cmTC_2462f.dir/feature_tests.cxx.o  -o cmTC_2462f 


    Feature record: CXX_FEATURE:0cxx_aggregate_default_initializers
    Feature record: CXX_FEATURE:1cxx_alias_templates
    Feature record: CXX_FEATURE:1cxx_alignas
    Feature record: CXX_FEATURE:1cxx_alignof
    Feature record: CXX_FEATURE:1cxx_attributes
    Feature record: CXX_FEATURE:0cxx_attribute_deprecated
    Feature record: CXX_FEATURE:1cxx_auto_type
    Feature record: CXX_FEATURE:0cxx_binary_literals
    Feature record: CXX_FEATURE:1cxx_constexpr
    Feature record: CXX_FEATURE:0cxx_contextual_conversions
    Feature record: CXX_FEATURE:1cxx_decltype
    Feature record: CXX_FEATURE:0cxx_decltype_auto
    Feature record: CXX_FEATURE:1cxx_decltype_incomplete_return_types
    Feature record: CXX_FEATURE:1cxx_default_function_template_args
    Feature record: CXX_FEATURE:1cxx_defaulted_functions
    Feature record: CXX_FEATURE:1cxx_defaulted_move_initializers
    Feature record: CXX_FEATURE:1cxx_delegating_constructors
    Feature record: CXX_FEATURE:1cxx_deleted_functions
    Feature record: CXX_FEATURE:0cxx_digit_separators
    Feature record: CXX_FEATURE:1cxx_enum_forward_declarations
    Feature record: CXX_FEATURE:1cxx_explicit_conversions
    Feature record: CXX_FEATURE:1cxx_extended_friend_declarations
    Feature record: CXX_FEATURE:1cxx_extern_templates
    Feature record: CXX_FEATURE:1cxx_final
    Feature record: CXX_FEATURE:1cxx_func_identifier
    Feature record: CXX_FEATURE:1cxx_generalized_initializers
    Feature record: CXX_FEATURE:0cxx_generic_lambdas
    Feature record: CXX_FEATURE:1cxx_inheriting_constructors
    Feature record: CXX_FEATURE:1cxx_inline_namespaces
    Feature record: CXX_FEATURE:1cxx_lambdas
    Feature record: CXX_FEATURE:0cxx_lambda_init_captures
    Feature record: CXX_FEATURE:1cxx_local_type_template_args
    Feature record: CXX_FEATURE:1cxx_long_long_type
    Feature record: CXX_FEATURE:1cxx_noexcept
    Feature record: CXX_FEATURE:1cxx_nonstatic_member_init
    Feature record: CXX_FEATURE:1cxx_nullptr
    Feature record: CXX_FEATURE:1cxx_override
    Feature record: CXX_FEATURE:1cxx_range_for
    Feature record: CXX_FEATURE:1cxx_raw_string_literals
    Feature record: CXX_FEATURE:1cxx_reference_qualified_functions
    Feature record: CXX_FEATURE:0cxx_relaxed_constexpr
    Feature record: CXX_FEATURE:0cxx_return_type_deduction
    Feature record: CXX_FEATURE:1cxx_right_angle_brackets
    Feature record: CXX_FEATURE:1cxx_rvalue_references
    Feature record: CXX_FEATURE:1cxx_sizeof_member
    Feature record: CXX_FEATURE:1cxx_static_assert
    Feature record: CXX_FEATURE:1cxx_strong_enums
    Feature record: CXX_FEATURE:1cxx_template_template_parameters
    Feature record: CXX_FEATURE:1cxx_thread_local
    Feature record: CXX_FEATURE:1cxx_trailing_return_types
    Feature record: CXX_FEATURE:1cxx_unicode_literals
    Feature record: CXX_FEATURE:1cxx_uniform_initialization
    Feature record: CXX_FEATURE:1cxx_unrestricted_unions
    Feature record: CXX_FEATURE:1cxx_user_literals
    Feature record: CXX_FEATURE:0cxx_variable_templates
    Feature record: CXX_FEATURE:1cxx_variadic_macros
    Feature record: CXX_FEATURE:1cxx_variadic_templates


Detecting CXX [-std=c++98] compiler features compiled with the following output:
Change Dir: /Users/jwalsh/Documents/42/particle_system/build/CMakeFiles/CMakeTmp

Run Build Command:"/usr/bin/make" "cmTC_c2f5c/fast"
/Applications/Xcode.app/Contents/Developer/usr/bin/make -f CMakeFiles/cmTC_c2f5c.dir/build.make CMakeFiles/cmTC_c2f5c.dir/build
Building CXX object CMakeFiles/cmTC_c2f5c.dir/feature_tests.cxx.o
/Applications/Xcode.app/Contents/Developer/Toolchains/XcodeDefault.xctoolchain/usr/bin/c++    -std=c++98 -o CMakeFiles/cmTC_c2f5c.dir/feature_tests.cxx.o -c /Users/jwalsh/Documents/42/particle_system/build/CMakeFiles/feature_tests.cxx
Linking CXX executable cmTC_c2f5c
/Users/jwalsh/.brew/Cellar/cmake/3.11.0/bin/cmake -E cmake_link_script CMakeFiles/cmTC_c2f5c.dir/link.txt --verbose=1
/Applications/Xcode.app/Contents/Developer/Toolchains/XcodeDefault.xctoolchain/usr/bin/c++    -Wl,-search_paths_first -Wl,-headerpad_max_install_names   CMakeFiles/cmTC_c2f5c.dir/feature_tests.cxx.o  -o cmTC_c2f5c 


    Feature record: CXX_FEATURE:0cxx_aggregate_default_initializers
    Feature record: CXX_FEATURE:0cxx_alias_templates
    Feature record: CXX_FEATURE:0cxx_alignas
    Feature record: CXX_FEATURE:0cxx_alignof
    Feature record: CXX_FEATURE:0cxx_attributes
    Feature record: CXX_FEATURE:0cxx_attribute_deprecated
    Feature record: CXX_FEATURE:0cxx_auto_type
    Feature record: CXX_FEATURE:0cxx_binary_literals
    Feature record: CXX_FEATURE:0cxx_constexpr
    Feature record: CXX_FEATURE:0cxx_contextual_conversions
    Feature record: CXX_FEATURE:0cxx_decltype
    Feature record: CXX_FEATURE:0cxx_decltype_auto
    Feature record: CXX_FEATURE:0cxx_decltype_incomplete_return_types
    Feature record: CXX_FEATURE:0cxx_default_function_template_args
    Feature record: CXX_FEATURE:0cxx_defaulted_functions
    Feature record: CXX_FEATURE:0cxx_defaulted_move_initializers
    Feature record: CXX_FEATURE:0cxx_delegating_constructors
    Feature record: CXX_FEATURE:0cxx_deleted_functions
    Feature record: CXX_FEATURE:0cxx_digit_separators
    Feature record: CXX_FEATURE:0cxx_enum_forward_declarations
    Feature record: CXX_FEATURE:0cxx_explicit_conversions
    Feature record: CXX_FEATURE:0cxx_extended_friend_declarations
    Feature record: CXX_FEATURE:0cxx_extern_templates
    Feature record: CXX_FEATURE:0cxx_final
    Feature record: CXX_FEATURE:0cxx_func_identifier
    Feature record: CXX_FEATURE:0cxx_generalized_initializers
    Feature record: CXX_FEATURE:0cxx_generic_lambdas
    Feature record: CXX_FEATURE:0cxx_inheriting_constructors
    Feature record: CXX_FEATURE:0cxx_inline_namespaces
    Feature record: CXX_FEATURE:0cxx_lambdas
    Feature record: CXX_FEATURE:0cxx_lambda_init_captures
    Feature record: CXX_FEATURE:0cxx_local_type_template_args
    Feature record: CXX_FEATURE:0cxx_long_long_type
    Feature record: CXX_FEATURE:0cxx_noexcept
    Feature record: CXX_FEATURE:0cxx_nonstatic_member_init
    Feature record: CXX_FEATURE:0cxx_nullptr
    Feature record: CXX_FEATURE:0cxx_override
    Feature record: CXX_FEATURE:0cxx_range_for
    Feature record: CXX_FEATURE:0cxx_raw_string_literals
    Feature record: CXX_FEATURE:0cxx_reference_qualified_functions
    Feature record: CXX_FEATURE:0cxx_relaxed_constexpr
    Feature record: CXX_FEATURE:0cxx_return_type_deduction
    Feature record: CXX_FEATURE:0cxx_right_angle_brackets
    Feature record: CXX_FEATURE:0cxx_rvalue_references
    Feature record: CXX_FEATURE:0cxx_sizeof_member
    Feature record: CXX_FEATURE:0cxx_static_assert
    Feature record: CXX_FEATURE:0cxx_strong_enums
    Feature record: CXX_FEATURE:1cxx_template_template_parameters
    Feature record: CXX_FEATURE:0cxx_thread_local
    Feature record: CXX_FEATURE:0cxx_trailing_return_types
    Feature record: CXX_FEATURE:0cxx_unicode_literals
    Feature record: CXX_FEATURE:0cxx_uniform_initialization
    Feature record: CXX_FEATURE:0cxx_unrestricted_unions
    Feature record: CXX_FEATURE:0cxx_user_literals
    Feature record: CXX_FEATURE:0cxx_variable_templates
    Feature record: CXX_FEATURE:0cxx_variadic_macros
    Feature record: CXX_FEATURE:0cxx_variadic_templates
Determining if the CL_VERSION_1_2 exist passed with the following output:
Change Dir: /Users/jwalsh/Documents/42/particle_system/build/CMakeFiles/CMakeTmp

Run Build Command:"/usr/bin/make" "cmTC_75b57/fast"
/Applications/Xcode.app/Contents/Developer/usr/bin/make -f CMakeFiles/cmTC_75b57.dir/build.make CMakeFiles/cmTC_75b57.dir/build
Building C object CMakeFiles/cmTC_75b57.dir/CheckSymbolExists.c.o
/Applications/Xcode.app/Contents/Developer/Toolchains/XcodeDefault.xctoolchain/usr/bin/cc    -o CMakeFiles/cmTC_75b57.dir/CheckSymbolExists.c.o   -c /Users/jwalsh/Documents/42/particle_system/build/CMakeFiles/CMakeTmp/CheckSymbolExists.c
Linking C executable cmTC_75b57
/Users/jwalsh/.brew/Cellar/cmake/3.11.0/bin/cmake -E cmake_link_script CMakeFiles/cmTC_75b57.dir/link.txt --verbose=1
/Applications/Xcode.app/Contents/Developer/Toolchains/XcodeDefault.xctoolchain/usr/bin/cc   -Wl,-search_paths_first -Wl,-headerpad_max_install_names   CMakeFiles/cmTC_75b57.dir/CheckSymbolExists.c.o  -o cmTC_75b57 

File /Users/jwalsh/Documents/42/particle_system/build/CMakeFiles/CMakeTmp/CheckSymbolExists.c:
/* */
#include </System/Library/Frameworks/OpenCL.framework/Headers/cl.h>

int main(int argc, char** argv)
{
  (void)argv;
#ifndef CL_VERSION_1_2
  return ((int*)(&CL_VERSION_1_2))[argc];
#else
  (void)argc;
  return 0;
#endif
}

Determining if the include file pthread.h exists passed with the following output:
Change Dir: /Users/jwalsh/Documents/42/particle_system/build/CMakeFiles/CMakeTmp

Run Build Command:"/usr/bin/make" "cmTC_90881/fast"
/Applications/Xcode.app/Contents/Developer/usr/bin/make -f CMakeFiles/cmTC_90881.dir/build.make CMakeFiles/cmTC_90881.dir/build
Building C object CMakeFiles/cmTC_90881.dir/CheckIncludeFile.c.o
/Applications/Xcode.app/Contents/Developer/Toolchains/XcodeDefault.xctoolchain/usr/bin/cc   -Wno-deprecated-declarations    -o CMakeFiles/cmTC_90881.dir/CheckIncludeFile.c.o   -c /Users/jwalsh/Documents/42/particle_system/build/CMakeFiles/CMakeTmp/CheckIncludeFile.c
Linking C executable cmTC_90881
/Users/jwalsh/.brew/Cellar/cmake/3.11.0/bin/cmake -E cmake_link_script CMakeFiles/cmTC_90881.dir/link.txt --verbose=1
/Applications/Xcode.app/Contents/Developer/Toolchains/XcodeDefault.xctoolchain/usr/bin/cc  -Wno-deprecated-declarations  -Wl,-search_paths_first -Wl,-headerpad_max_install_names   CMakeFiles/cmTC_90881.dir/CheckIncludeFile.c.o  -o cmTC_90881 


Determining if the pthread_create exist passed with the following output:
Change Dir: /Users/jwalsh/Documents/42/particle_system/build/CMakeFiles/CMakeTmp

Run Build Command:"/usr/bin/make" "cmTC_39472/fast"
/Applications/Xcode.app/Contents/Developer/usr/bin/make -f CMakeFiles/cmTC_39472.dir/build.make CMakeFiles/cmTC_39472.dir/build
Building C object CMakeFiles/cmTC_39472.dir/CheckSymbolExists.c.o
/Applications/Xcode.app/Contents/Developer/Toolchains/XcodeDefault.xctoolchain/usr/bin/cc   -Wno-deprecated-declarations    -o CMakeFiles/cmTC_39472.dir/CheckSymbolExists.c.o   -c /Users/jwalsh/Documents/42/particle_system/build/CMakeFiles/CMakeTmp/CheckSymbolExists.c
Linking C executable cmTC_39472
/Users/jwalsh/.brew/Cellar/cmake/3.11.0/bin/cmake -E cmake_link_script CMakeFiles/cmTC_39472.dir/link.txt --verbose=1
/Applications/Xcode.app/Contents/Developer/Toolchains/XcodeDefault.xctoolchain/usr/bin/cc  -Wno-deprecated-declarations  -Wl,-search_paths_first -Wl,-headerpad_max_install_names   CMakeFiles/cmTC_39472.dir/CheckSymbolExists.c.o  -o cmTC_39472 

File /Users/jwalsh/Documents/42/particle_system/build/CMakeFiles/CMakeTmp/CheckSymbolExists.c:
/* */
#include <pthread.h>

int main(int argc, char** argv)
{
  (void)argv;
#ifndef pthread_create
  return ((int*)(&pthread_create))[argc];
#else
  (void)argc;
  return 0;
#endif
}

Performing C++ SOURCE FILE Test HAS_CPP14_FLAG succeeded with the following output:
Change Dir: /Users/jwalsh/Documents/42/particle_system/build/CMakeFiles/CMakeTmp

Run Build Command:"/usr/bin/make" "cmTC_55dc7/fast"
/Applications/Xcode.app/Contents/Developer/usr/bin/make -f CMakeFiles/cmTC_55dc7.dir/build.make CMakeFiles/cmTC_55dc7.dir/build
Building CXX object CMakeFiles/cmTC_55dc7.dir/src.cxx.o
/Applications/Xcode.app/Contents/Developer/Toolchains/XcodeDefault.xctoolchain/usr/bin/c++    -Wall -Wextra -DHAS_CPP14_FLAG   -std=c++14 -o CMakeFiles/cmTC_55dc7.dir/src.cxx.o -c /Users/jwalsh/Documents/42/particle_system/build/CMakeFiles/CMakeTmp/src.cxx
Linking CXX executable cmTC_55dc7
/Users/jwalsh/.brew/Cellar/cmake/3.11.0/bin/cmake -E cmake_link_script CMakeFiles/cmTC_55dc7.dir/link.txt --verbose=1
/Applications/Xcode.app/Contents/Developer/Toolchains/XcodeDefault.xctoolchain/usr/bin/c++   -Wall -Wextra -DHAS_CPP14_FLAG -Wl,-search_paths_first -Wl,-headerpad_max_install_names   CMakeFiles/cmTC_55dc7.dir/src.cxx.o  -o cmTC_55dc7 

Source file was:
int main() { return 0; }
Performing C++ SOURCE FILE Test HAS_CPP11_FLAG succeeded with the following output:
Change Dir: /Users/jwalsh/Documents/42/particle_system/build/CMakeFiles/CMakeTmp

Run Build Command:"/usr/bin/make" "cmTC_1738e/fast"
/Applications/Xcode.app/Contents/Developer/usr/bin/make -f CMakeFiles/cmTC_1738e.dir/build.make CMakeFiles/cmTC_1738e.dir/build
Building CXX object CMakeFiles/cmTC_1738e.dir/src.cxx.o
/Applications/Xcode.app/Contents/Developer/Toolchains/XcodeDefault.xctoolchain/usr/bin/c++    -Wall -Wextra -DHAS_CPP11_FLAG   -std=c++11 -o CMakeFiles/cmTC_1738e.dir/src.cxx.o -c /Users/jwalsh/Documents/42/particle_system/build/CMakeFiles/CMakeTmp/src.cxx
Linking CXX executable cmTC_1738e
/Users/jwalsh/.brew/Cellar/cmake/3.11.0/bin/cmake -E cmake_link_script CMakeFiles/cmTC_1738e.dir/link.txt --verbose=1
/Applications/Xcode.app/Contents/Developer/Toolchains/XcodeDefault.xctoolchain/usr/bin/c++   -Wall -Wextra -DHAS_CPP11_FLAG -Wl,-search_paths_first -Wl,-headerpad_max_install_names   CMakeFiles/cmTC_1738e.dir/src.cxx.o  -o cmTC_1738e 

Source file was:
int main() { return 0; }
Performing C++ SOURCE FILE Test HAS_LTO succeeded with the following output:
Change Dir: /Users/jwalsh/Documents/42/particle_system/build/CMakeFiles/CMakeTmp

Run Build Command:"/usr/bin/make" "cmTC_020e6/fast"
/Applications/Xcode.app/Contents/Developer/usr/bin/make -f CMakeFiles/cmTC_020e6.dir/build.make CMakeFiles/cmTC_020e6.dir/build
Building CXX object CMakeFiles/cmTC_020e6.dir/src.cxx.o
/Applications/Xcode.app/Contents/Developer/Toolchains/XcodeDefault.xctoolchain/usr/bin/c++    -fvisibility=hidden  -Wall -Wextra -std=c++14 -DHAS_LTO -flto=thin   -o CMakeFiles/cmTC_020e6.dir/src.cxx.o -c /Users/jwalsh/Documents/42/particle_system/build/CMakeFiles/CMakeTmp/src.cxx
/Users/jwalsh/Documents/42/particle_system/build/CMakeFiles/CMakeTmp/src.cxx:1:14: warning: unused parameter 'argc' [-Wunused-parameter]
int main(int argc, char **argv) { return 0; }
             ^
/Users/jwalsh/Documents/42/particle_system/build/CMakeFiles/CMakeTmp/src.cxx:1:27: warning: unused parameter 'argv' [-Wunused-parameter]
int main(int argc, char **argv) { return 0; }
                          ^
2 warnings generated.
Linking CXX executable cmTC_020e6
/Users/jwalsh/.brew/Cellar/cmake/3.11.0/bin/cmake -E cmake_link_script CMakeFiles/cmTC_020e6.dir/link.txt --verbose=1
/Applications/Xcode.app/Contents/Developer/Toolchains/XcodeDefault.xctoolchain/usr/bin/c++  -fvisibility=hidden  -Wall -Wextra -std=c++14 -DHAS_LTO -flto=thin -Wl,-search_paths_first -Wl,-headerpad_max_install_names   CMakeFiles/cmTC_020e6.dir/src.cxx.o  -o cmTC_020e6 -flto=thin 

Return value: 1
Source file was:
int main(int argc, char **argv) { return 0; }
Performing C++ SOURCE FILE Test HAS_LIBCPP succeeded with the following output:
Change Dir: /Users/jwalsh/Documents/42/particle_system/build/CMakeFiles/CMakeTmp

Run Build Command:"/usr/bin/make" "cmTC_fc4a3/fast"
/Applications/Xcode.app/Contents/Developer/usr/bin/make -f CMakeFiles/cmTC_fc4a3.dir/build.make CMakeFiles/cmTC_fc4a3.dir/build
Building CXX object CMakeFiles/cmTC_fc4a3.dir/src.cxx.o
/Applications/Xcode.app/Contents/Developer/Toolchains/XcodeDefault.xctoolchain/usr/bin/c++    -fvisibility=hidden  -Wall -Wextra -std=c++14 -flto=thin -DHAS_LIBCPP -stdlib=libc++   -o CMakeFiles/cmTC_fc4a3.dir/src.cxx.o -c /Users/jwalsh/Documents/42/particle_system/build/CMakeFiles/CMakeTmp/src.cxx
/Users/jwalsh/Documents/42/particle_system/build/CMakeFiles/CMakeTmp/src.cxx:1:14: warning: unused parameter 'argc' [-Wunused-parameter]
int main(int argc, char **argv) { return 0; }
             ^
/Users/jwalsh/Documents/42/particle_system/build/CMakeFiles/CMakeTmp/src.cxx:1:27: warning: unused parameter 'argv' [-Wunused-parameter]
int main(int argc, char **argv) { return 0; }
                          ^
2 warnings generated.
Linking CXX executable cmTC_fc4a3
/Users/jwalsh/.brew/Cellar/cmake/3.11.0/bin/cmake -E cmake_link_script CMakeFiles/cmTC_fc4a3.dir/link.txt --verbose=1
/Applications/Xcode.app/Contents/Developer/Toolchains/XcodeDefault.xctoolchain/usr/bin/c++  -fvisibility=hidden  -Wall -Wextra -std=c++14 -flto=thin -DHAS_LIBCPP -stdlib=libc++ -Wl,-search_paths_first -Wl,-headerpad_max_install_names   CMakeFiles/cmTC_fc4a3.dir/src.cxx.o  -o cmTC_fc4a3 -stdlib=libc++ 

Return value: 1
Source file was:
int main(int argc, char **argv) { return 0; }
Performing C++ SOURCE FILE Test HAS_LIBCPPABI succeeded with the following output:
Change Dir: /Users/jwalsh/Documents/42/particle_system/build/CMakeFiles/CMakeTmp

Run Build Command:"/usr/bin/make" "cmTC_51345/fast"
/Applications/Xcode.app/Contents/Developer/usr/bin/make -f CMakeFiles/cmTC_51345.dir/build.make CMakeFiles/cmTC_51345.dir/build
Building CXX object CMakeFiles/cmTC_51345.dir/src.cxx.o
/Applications/Xcode.app/Contents/Developer/Toolchains/XcodeDefault.xctoolchain/usr/bin/c++    -fvisibility=hidden  -Wall -Wextra -std=c++14 -flto=thin -stdlib=libc++ -DHAS_LIBCPPABI -stdlib=libc++   -o CMakeFiles/cmTC_51345.dir/src.cxx.o -c /Users/jwalsh/Documents/42/particle_system/build/CMakeFiles/CMakeTmp/src.cxx
/Users/jwalsh/Documents/42/particle_system/build/CMakeFiles/CMakeTmp/src.cxx:1:14: warning: unused parameter 'argc' [-Wunused-parameter]
int main(int argc, char **argv) { return 0; }
             ^
/Users/jwalsh/Documents/42/particle_system/build/CMakeFiles/CMakeTmp/src.cxx:1:27: warning: unused parameter 'argv' [-Wunused-parameter]
int main(int argc, char **argv) { return 0; }
                          ^
2 warnings generated.
Linking CXX executable cmTC_51345
/Users/jwalsh/.brew/Cellar/cmake/3.11.0/bin/cmake -E cmake_link_script CMakeFiles/cmTC_51345.dir/link.txt --verbose=1
/Applications/Xcode.app/Contents/Developer/Toolchains/XcodeDefault.xctoolchain/usr/bin/c++  -fvisibility=hidden  -Wall -Wextra -std=c++14 -flto=thin -stdlib=libc++ -DHAS_LIBCPPABI -stdlib=libc++ -Wl,-search_paths_first -Wl,-headerpad_max_install_names   CMakeFiles/cmTC_51345.dir/src.cxx.o  -o cmTC_51345 -stdlib=libc++ -lc++abi 

Return value: 1
Source file was:
int main(int argc, char **argv) { return 0; }
